<?xml version="1.0" encoding="UTF-8"?>
<testng-results ignored="0" total="1" passed="1" failed="0" skipped="0">
  <reporter-output>
  </reporter-output>
  <suite started-at="2023-01-13T20:11:48 WAT" name="Default suite" finished-at="2023-01-13T20:11:50 WAT" duration-ms="2524">
    <groups>
    </groups>
    <test started-at="2023-01-13T20:11:48 WAT" name="Default test" finished-at="2023-01-13T20:11:50 WAT" duration-ms="2524">
      <class name="sample3.LoggingDemo">
        <test-method signature="loggingResponse()[pri:0, instance:sample3.LoggingDemo@625732]" started-at="2023-01-13T20:11:48 WAT" name="loggingResponse" finished-at="2023-01-13T20:11:50 WAT" duration-ms="2484" status="PASS">
          <reporter-output>
          </reporter-output>
        </test-method> <!-- loggingResponse -->
      </class> <!-- sample3.LoggingDemo -->
    </test> <!-- Default test -->
  </suite> <!-- Default suite -->
</testng-results>
